<?xml version="1.0" encoding="UTF-8"?>
<testsuites name="jest tests" tests="2719" failures="0" errors="0" time="8.114">
  <testsuite name="intersection validation" errors="0" failures="0" skipped="0" timestamp="2026-04-26T13:11:57" time="0.699" tests="7">
    <testcase classname="intersection validation should accept values passing all validators" name="intersection validation should accept values passing all validators" time="0.005">
    </testcase>
    <testcase classname="intersection validation should reject values failing any validator" name="intersection validation should reject values failing any validator" time="0">
    </testcase>
    <testcase classname="intersection validation should return the first failing validator&apos;s message" name="intersection validation should return the first failing validator&apos;s message" time="0">
    </testcase>
    <testcase classname="intersection validation should work nested inside object()" name="intersection validation should work nested inside object()" time="0">
    </testcase>
    <testcase classname="intersection validation should infer intersection type correctly" name="intersection validation should infer intersection type correctly" time="0">
    </testcase>
    <testcase classname="intersection validation should support mixed composition with union" name="intersection validation should support mixed composition with union" time="0.001">
    </testcase>
    <testcase classname="intersection validation should support nested intersections" name="intersection validation should support nested intersections" time="0">
    </testcase>
  </testsuite>
  <testsuite name="Array core validation" errors="0" failures="0" skipped="0" timestamp="2026-04-26T13:11:57" time="0.751" tests="10">
    <testcase classname="Array core validation should validate an empty array" name="Array core validation should validate an empty array" time="0.006">
    </testcase>
    <testcase classname="Array core validation should fail validation for null and undefined" name="Array core validation should fail validation for null and undefined" time="0">
    </testcase>
    <testcase classname="Array core validation should validate an array of mixed values without type validation" name="Array core validation should validate an array of mixed values without type validation" time="0">
    </testcase>
    <testcase classname="Array core validation should validate an array of strings with validation" name="Array core validation should validate an array of strings with validation" time="0.001">
    </testcase>
    <testcase classname="Array core validation should validate an array of numbers with range validation" name="Array core validation should validate an array of numbers with range validation" time="0">
    </testcase>
    <testcase classname="Array core validation should validate an array of mixed types with specific validations" name="Array core validation should validate an array of mixed types with specific validations" time="0">
    </testcase>
    <testcase classname="Array core validation should return a custom message on array type validation failure" name="Array core validation should return a custom message on array type validation failure" time="0">
    </testcase>
    <testcase classname="Array core validation should return element validation error message" name="Array core validation should return element validation error message" time="0.001">
    </testcase>
    <testcase classname="Array core validation should return an empty message when no custom message is provided" name="Array core validation should return an empty message when no custom message is provided" time="0">
    </testcase>
    <testcase classname="Array core validation should preserve the original array in the return type" name="Array core validation should preserve the original array in the return type" time="0">
    </testcase>
  </testsuite>
  <testsuite name="generateNumberArray" errors="0" failures="0" skipped="0" timestamp="2026-04-26T13:11:57" time="0.699" tests="22">
    <testcase classname="generateNumberArray should generate an array with the specified length" name="generateNumberArray should generate an array with the specified length" time="0.005">
    </testcase>
    <testcase classname="generateNumberArray should generate an array with specified min and max values" name="generateNumberArray should generate an array with specified min and max values" time="0">
    </testcase>
    <testcase classname="generateNumberArray should return an empty array when length is 0" name="generateNumberArray should return an empty array when length is 0" time="0">
    </testcase>
    <testcase classname="generateNumberArray should return min value when length is 1" name="generateNumberArray should return min value when length is 1" time="0">
    </testcase>
    <testcase classname="generateNumberArray should generate an array with random values" name="generateNumberArray should generate an array with random values" time="0.001">
    </testcase>
    <testcase classname="generateNumberArray should handle negative length gracefully" name="generateNumberArray should handle negative length gracefully" time="0">
    </testcase>
    <testcase classname="generateNumberArray should handle fractional lengths by truncating" name="generateNumberArray should handle fractional lengths by truncating" time="0">
    </testcase>
    <testcase classname="generateNumberArray should handle negative min and max values" name="generateNumberArray should handle negative min and max values" time="0">
    </testcase>
    <testcase classname="generateNumberArray should handle equal min and max values" name="generateNumberArray should handle equal min and max values" time="0">
    </testcase>
    <testcase classname="generateNumberArray should handle decimal min and max values" name="generateNumberArray should handle decimal min and max values" time="0.001">
    </testcase>
    <testcase classname="generateNumberArray should handle large arrays efficiently" name="generateNumberArray should handle large arrays efficiently" time="0.038">
    </testcase>
    <testcase classname="generateNumberArray should handle very small ranges" name="generateNumberArray should handle very small ranges" time="0.004">
    </testcase>
    <testcase classname="generateNumberArray should handle random generation with edge cases" name="generateNumberArray should handle random generation with edge cases" time="0.009">
    </testcase>
    <testcase classname="generateNumberArray should handle extreme ranges" name="generateNumberArray should handle extreme ranges" time="0">
    </testcase>
    <testcase classname="generateNumberArray should handle zero as min or max" name="generateNumberArray should handle zero as min or max" time="0.001">
    </testcase>
    <testcase classname="generateNumberArray should maintain precision with decimal steps" name="generateNumberArray should maintain precision with decimal steps" time="0">
    </testcase>
    <testcase classname="generateNumberArray should handle non-integer lengths in random mode" name="generateNumberArray should handle non-integer lengths in random mode" time="0">
    </testcase>
    <testcase classname="generateNumberArray should handle special numeric edge cases" name="generateNumberArray should handle special numeric edge cases" time="0.001">
    </testcase>
    <testcase classname="generateNumberArray should generate correct step sizes for various ranges" name="generateNumberArray should generate correct step sizes for various ranges" time="0">
    </testcase>
    <testcase classname="generateNumberArray should handle Math.random edge cases in random mode" name="generateNumberArray should handle Math.random edge cases in random mode" time="0">
    </testcase>
    <testcase classname="generateNumberArray should handle default parameter values correctly" name="generateNumberArray should handle default parameter values correctly" time="0">
    </testcase>
    <testcase classname="generateNumberArray should handle random generation with decimal min/max" name="generateNumberArray should handle random generation with decimal min/max" time="0.001">
    </testcase>
  </testsuite>
  <testsuite name="Integration test for prototype pollution defense" errors="0" failures="0" skipped="0" timestamp="2026-04-26T13:11:57" time="0.695" tests="11">
    <testcase classname="Integration test for prototype pollution defense should globally pollute via __proto__ with a naive deep merge, and prevent it with removePrototypeDeep + mergeDeep" name="Integration test for prototype pollution defense should globally pollute via __proto__ with a naive deep merge, and prevent it with removePrototypeDeep + mergeDeep" time="0.007">
    </testcase>
    <testcase classname="Integration test for prototype pollution defense should globally pollute via constructor.prototype, and prevent it via removePrototypeDeep" name="Integration test for prototype pollution defense should globally pollute via constructor.prototype, and prevent it via removePrototypeDeep" time="0.001">
    </testcase>
    <testcase classname="Integration test for prototype pollution defense should sanitize an entire request batch before merging configs" name="Integration test for prototype pollution defense should sanitize an entire request batch before merging configs" time="0">
    </testcase>
    <testcase classname="Integration test for prototype pollution defense should keep deepClone output free of polluted prototypes when the payload is sanitized first" name="Integration test for prototype pollution defense should keep deepClone output free of polluted prototypes when the payload is sanitized first" time="0.001">
    </testcase>
    <testcase classname="Integration test for prototype pollution defense should chain pick -&gt; mergeDeep -&gt; deepClone safely on user-controlled input" name="Integration test for prototype pollution defense should chain pick -&gt; mergeDeep -&gt; deepClone safely on user-controlled input" time="0">
    </testcase>
    <testcase classname="Integration test for prototype pollution defense should safely extract nested fields with pickDeep when input is sanitized" name="Integration test for prototype pollution defense should safely extract nested fields with pickDeep when input is sanitized" time="0">
    </testcase>
    <testcase classname="Integration test for prototype pollution defense should not leak across helper boundaries: shallow sanitization is not enough for deep payloads" name="Integration test for prototype pollution defense should not leak across helper boundaries: shallow sanitization is not enough for deep payloads" time="0">
    </testcase>
    <testcase classname="Integration test for prototype pollution defense should combine removePrototypeMap with merge for arrays of shallow user inputs" name="Integration test for prototype pollution defense should combine removePrototypeMap with merge for arrays of shallow user inputs" time="0.001">
    </testcase>
    <testcase classname="Integration test for prototype pollution defense should keep diff and common helpers safe when combined with removePrototypeDeep" name="Integration test for prototype pollution defense should keep diff and common helpers safe when combined with removePrototypeDeep" time="0">
    </testcase>
    <testcase classname="Integration test for prototype pollution defense should ensure mapKeys/mapValues output never exposes __proto__ as an own key with sanitized input" name="Integration test for prototype pollution defense should ensure mapKeys/mapValues output never exposes __proto__ as an own key with sanitized input" time="0.001">
    </testcase>
    <testcase classname="Integration test for prototype pollution defense should catch a real-world lodash-style deep merge scenario end-to-end" name="Integration test for prototype pollution defense should catch a real-world lodash-style deep merge scenario end-to-end" time="0.004">
    </testcase>
  </testsuite>
  <testsuite name="ultraNumberSort" errors="0" failures="0" skipped="0" timestamp="2026-04-26T13:11:57" time="0.915" tests="47">
    <testcase classname="ultraNumberSort should sort an array of numbers in ascending order by default" name="ultraNumberSort should sort an array of numbers in ascending order by default" time="0.004">
    </testcase>
    <testcase classname="ultraNumberSort should sort an array of numbers in ascending order when specified" name="ultraNumberSort should sort an array of numbers in ascending order when specified" time="0">
    </testcase>
    <testcase classname="ultraNumberSort should sort an array of numbers in descending order when specified" name="ultraNumberSort should sort an array of numbers in descending order when specified" time="0.001">
    </testcase>
    <testcase classname="ultraNumberSort should return an empty array when given an empty array" name="ultraNumberSort should return an empty array when given an empty array" time="0">
    </testcase>
    <testcase classname="ultraNumberSort should return the same array when given an array with one element" name="ultraNumberSort should return the same array when given an array with one element" time="0">
    </testcase>
    <testcase classname="ultraNumberSort should sort an array with two elements in ascending order" name="ultraNumberSort should sort an array with two elements in ascending order" time="0">
    </testcase>
    <testcase classname="ultraNumberSort should sort an array with two elements in descending order" name="ultraNumberSort should sort an array with two elements in descending order" time="0.001">
    </testcase>
    <testcase classname="ultraNumberSort should sort an array with three elements in ascending order" name="ultraNumberSort should sort an array with three elements in ascending order" time="0">
    </testcase>
    <testcase classname="ultraNumberSort should sort an array with three elements in descending order" name="ultraNumberSort should sort an array with three elements in descending order" time="0">
    </testcase>
    <testcase classname="ultraNumberSort should handle arrays with duplicate values" name="ultraNumberSort should handle arrays with duplicate values" time="0.001">
    </testcase>
    <testcase classname="ultraNumberSort should handle arrays with negative numbers" name="ultraNumberSort should handle arrays with negative numbers" time="0">
    </testcase>
    <testcase classname="ultraNumberSort should handle arrays with floating-point numbers" name="ultraNumberSort should handle arrays with floating-point numbers" time="0">
    </testcase>
    <testcase classname="ultraNumberSort should handle arrays with mixed integers and floating-point numbers" name="ultraNumberSort should handle arrays with mixed integers and floating-point numbers" time="0">
    </testcase>
    <testcase classname="ultraNumberSort should handle arrays that are already sorted" name="ultraNumberSort should handle arrays that are already sorted" time="0">
    </testcase>
    <testcase classname="ultraNumberSort should handle arrays that are reverse sorted" name="ultraNumberSort should handle arrays that are reverse sorted" time="0.001">
    </testcase>
    <testcase classname="ultraNumberSort should handle arrays with NaN values" name="ultraNumberSort should handle arrays with NaN values" time="0">
    </testcase>
    <testcase classname="ultraNumberSort should handle arrays with only NaN values" name="ultraNumberSort should handle arrays with only NaN values" time="0">
    </testcase>
    <testcase classname="ultraNumberSort should handle arrays with Infinity and -Infinity" name="ultraNumberSort should handle arrays with Infinity and -Infinity" time="0.002">
    </testcase>
    <testcase classname="ultraNumberSort should use counting sort for small integer ranges (ascending)" name="ultraNumberSort should use counting sort for small integer ranges (ascending)" time="0">
    </testcase>
    <testcase classname="ultraNumberSort should use counting sort for small integer ranges (descending)" name="ultraNumberSort should use counting sort for small integer ranges (descending)" time="0.001">
    </testcase>
    <testcase classname="ultraNumberSort should use radix sort for larger integer arrays (ascending)" name="ultraNumberSort should use radix sort for larger integer arrays (ascending)" time="0">
    </testcase>
    <testcase classname="ultraNumberSort should use radix sort for larger integer arrays (descending)" name="ultraNumberSort should use radix sort for larger integer arrays (descending)" time="0.001">
    </testcase>
    <testcase classname="ultraNumberSort should correctly sort a large array of random numbers (ascending)" name="ultraNumberSort should correctly sort a large array of random numbers (ascending)" time="0.004">
    </testcase>
    <testcase classname="ultraNumberSort should correctly sort a large array of random numbers (descending)" name="ultraNumberSort should correctly sort a large array of random numbers (descending)" time="0.003">
    </testcase>
    <testcase classname="ultraNumberSort should handle arrays with all same elements" name="ultraNumberSort should handle arrays with all same elements" time="0">
    </testcase>
    <testcase classname="ultraNumberSort should handle radixSort with only positive numbers" name="ultraNumberSort should handle radixSort with only positive numbers" time="0">
    </testcase>
    <testcase classname="ultraNumberSort should handle radixSort with only negative numbers" name="ultraNumberSort should handle radixSort with only negative numbers" time="0.001">
    </testcase>
    <testcase classname="ultraNumberSort should handle radixSort with only zeros and length &gt; 100" name="ultraNumberSort should handle radixSort with only zeros and length &gt; 100" time="0">
    </testcase>
    <testcase classname="ultraNumberSort should handle radixSortPositive with single element array via ultraNumberSort" name="ultraNumberSort should handle radixSortPositive with single element array via ultraNumberSort" time="0.001">
    </testcase>
    <testcase classname="ultraNumberSort should correctly sort all permutations of 3 elements ascending" name="ultraNumberSort should correctly sort all permutations of 3 elements ascending" time="0">
    </testcase>
    <testcase classname="ultraNumberSort should correctly sort all permutations of 3 elements descending" name="ultraNumberSort should correctly sort all permutations of 3 elements descending" time="0">
    </testcase>
    <testcase classname="ultraNumberSort should cover radixSort branches with mixed positive, negative, and zeros" name="ultraNumberSort should cover radixSort branches with mixed positive, negative, and zeros" time="0.002">
    </testcase>
    <testcase classname="ultraNumberSort should cover specific radixSort and radixSortPositive branches for 100% coverage" name="ultraNumberSort should cover specific radixSort and radixSortPositive branches for 100% coverage" time="0.003">
    </testcase>
    <testcase classname="ultraNumberSort should sort array with twenty floating point numbers" name="ultraNumberSort should sort array with twenty floating point numbers" time="0">
    </testcase>
    <testcase classname="ultraNumberSort should handle NaN in large arrays (&gt;128 elements)" name="ultraNumberSort should handle NaN in large arrays (&gt;128 elements)" time="0.001">
    </testcase>
    <testcase classname="ultraNumberSort should use counting sort for large arrays with small integer range (ascending)" name="ultraNumberSort should use counting sort for large arrays with small integer range (ascending)" time="0">
    </testcase>
    <testcase classname="ultraNumberSort should use counting sort for large arrays with small integer range (descending)" name="ultraNumberSort should use counting sort for large arrays with small integer range (descending)" time="0.001">
    </testcase>
    <testcase classname="ultraNumberSort should handle radixSort descending with zeros present (&gt;128 elements)" name="ultraNumberSort should handle radixSort descending with zeros present (&gt;128 elements)" time="0">
    </testcase>
    <testcase classname="ultraNumberSort should handle radixSortPositive early return with single positive element (&gt;128 elements)" name="ultraNumberSort should handle radixSortPositive early return with single positive element (&gt;128 elements)" time="0.001">
    </testcase>
    <testcase classname="ultraNumberSort should handle radixSortPositive early return with single negative element (&gt;128 elements)" name="ultraNumberSort should handle radixSortPositive early return with single negative element (&gt;128 elements)" time="0">
    </testcase>
    <testcase classname="ultraNumberSort should sort large float arrays via float64 radix sort (ascending)" name="ultraNumberSort should sort large float arrays via float64 radix sort (ascending)" time="0.019">
    </testcase>
    <testcase classname="ultraNumberSort should sort large float arrays via float64 radix sort (descending)" name="ultraNumberSort should sort large float arrays via float64 radix sort (descending)" time="0.015">
    </testcase>
    <testcase classname="ultraNumberSort should sort large arrays with Infinity values via float64 radix sort" name="ultraNumberSort should sort large arrays with Infinity values via float64 radix sort" time="0.014">
    </testcase>
    <testcase classname="ultraNumberSort should handle NaN in arrays &gt;= 4096 elements" name="ultraNumberSort should handle NaN in arrays &gt;= 4096 elements" time="0.017">
    </testcase>
    <testcase classname="ultraNumberSort should sort large integer arrays via float64 radix sort (ascending)" name="ultraNumberSort should sort large integer arrays via float64 radix sort (ascending)" time="0.015">
    </testcase>
    <testcase classname="ultraNumberSort should sort large integer arrays via float64 radix sort (descending)" name="ultraNumberSort should sort large integer arrays via float64 radix sort (descending)" time="0.014">
    </testcase>
    <testcase classname="ultraNumberSort should handle all-NaN array &gt;= 4096 elements" name="ultraNumberSort should handle all-NaN array &gt;= 4096 elements" time="0.172">
    </testcase>
  </testsuite>
  <testsuite name="email" errors="0" failures="0" skipped="0" timestamp="2026-04-26T13:11:57" time="0.829" tests="14">
    <testcase classname="email email with message" name="email email with message" time="0.011">
    </testcase>
    <testcase classname="email email without message" name="email email without message" time="0.001">
    </testcase>
    <testcase classname="email validates various valid email formats" name="email validates various valid email formats" time="0.001">
    </testcase>
    <testcase classname="email rejects various invalid email formats" name="email rejects various invalid email formats" time="0">
    </testcase>
    <testcase classname="email handles edge cases and special characters" name="email handles edge cases and special characters" time="0">
    </testcase>
    <testcase classname="email validates different TLD formats" name="email validates different TLD formats" time="0">
    </testcase>
    <testcase classname="email handles boundary length cases" name="email handles boundary length cases" time="0.001">
    </testcase>
    <testcase classname="email RFC 822 obsolete cases (historically valid, now obsolete)" name="email RFC 822 obsolete cases (historically valid, now obsolete)" time="0">
    </testcase>
    <testcase classname="email handles space-related edge cases (RFC 5322)" name="email handles space-related edge cases (RFC 5322)" time="0">
    </testcase>
    <testcase classname="email handles comment syntax (RFC 5322 comments in parentheses)" name="email handles comment syntax (RFC 5322 comments in parentheses)" time="0.001">
    </testcase>
    <testcase classname="email handles quoted string syntax (RFC 5322)" name="email handles quoted string syntax (RFC 5322)" time="0">
    </testcase>
    <testcase classname="email handles IPv6 address literals (RFC 5321)" name="email handles IPv6 address literals (RFC 5321)" time="0">
    </testcase>
    <testcase classname="email handles Unicode and internationalized email addresses (RFC 6532)" name="email handles Unicode and internationalized email addresses (RFC 6532)" time="0">
    </testcase>
    <testcase classname="email handles RFC 5322 length limitations" name="email handles RFC 5322 length limitations" time="0">
    </testcase>
  </testsuite>
  <testsuite name="object validation" errors="0" failures="0" skipped="0" timestamp="2026-04-26T13:11:57" time="0.743" tests="5">
    <testcase classname="object validation should validate an object with string type" name="object validation should validate an object with string type" time="0.005">
    </testcase>
    <testcase classname="object validation should validate an object with string and number types" name="object validation should validate an object with string and number types" time="0.001">
    </testcase>
    <testcase classname="object validation should return a custom message on number validation failure" name="object validation should return a custom message on number validation failure" time="0">
    </testcase>
    <testcase classname="object validation should return a custom message on validation failure" name="object validation should return a custom message on validation failure" time="0.001">
    </testcase>
    <testcase classname="object validation should return an empty message on validation failure" name="object validation should return an empty message on validation failure" time="0">
    </testcase>
  </testsuite>
  <testsuite name="uuid" errors="0" failures="0" skipped="0" timestamp="2026-04-26T13:11:57" time="0.777" tests="13">
    <testcase classname="uuid should validate valid UUIDs" name="uuid should validate valid UUIDs" time="0.007">
    </testcase>
    <testcase classname="uuid should reject invalid UUIDs" name="uuid should reject invalid UUIDs" time="0.001">
    </testcase>
    <testcase classname="uuid should validate valid UUID with custom message" name="uuid should validate valid UUID with custom message" time="0">
    </testcase>
    <testcase classname="uuid should reject invalid UUID with custom message" name="uuid should reject invalid UUID with custom message" time="0.002">
    </testcase>
    <testcase classname="uuid should validate UUIDs with mixed case letters" name="uuid should validate UUIDs with mixed case letters" time="0">
    </testcase>
    <testcase classname="uuid should validate different UUID versions" name="uuid should validate different UUID versions" time="0.002">
    </testcase>
    <testcase classname="uuid should reject completely invalid UUID formats" name="uuid should reject completely invalid UUID formats" time="0">
    </testcase>
    <testcase classname="uuid should reject empty strings" name="uuid should reject empty strings" time="0">
    </testcase>
    <testcase classname="uuid should reject null values" name="uuid should reject null values" time="0">
    </testcase>
    <testcase classname="uuid should reject UUIDs with insufficient length" name="uuid should reject UUIDs with insufficient length" time="0">
    </testcase>
    <testcase classname="uuid should reject UUIDs with excessive length" name="uuid should reject UUIDs with excessive length" time="0">
    </testcase>
    <testcase classname="uuid should reject all UUIDs when all versions are out of range" name="uuid should reject all UUIDs when all versions are out of range" time="0">
    </testcase>
    <testcase classname="uuid should filter out invalid versions and keep valid ones" name="uuid should filter out invalid versions and keep valid ones" time="0">
    </testcase>
  </testsuite>
  <testsuite name="getValue function" errors="0" failures="0" skipped="0" timestamp="2026-04-26T13:11:59" time="0.12" tests="26">
    <testcase classname="getValue function simple property access should retrieve simple string properties" name="getValue function simple property access should retrieve simple string properties" time="0">
    </testcase>
    <testcase classname="getValue function simple property access should return undefined for non-existent properties" name="getValue function simple property access should return undefined for non-existent properties" time="0.001">
    </testcase>
    <testcase classname="getValue function simple property access should handle various data types" name="getValue function simple property access should handle various data types" time="0">
    </testcase>
    <testcase classname="getValue function nested property access should retrieve nested properties" name="getValue function nested property access should retrieve nested properties" time="0.001">
    </testcase>
    <testcase classname="getValue function nested property access should return undefined for broken nested paths" name="getValue function nested property access should return undefined for broken nested paths" time="0">
    </testcase>
    <testcase classname="getValue function nested property access should handle deep nesting" name="getValue function nested property access should handle deep nesting" time="0">
    </testcase>
    <testcase classname="getValue function array access should access array elements with positive indices" name="getValue function array access should access array elements with positive indices" time="0">
    </testcase>
    <testcase classname="getValue function array access should access array elements with negative indices" name="getValue function array access should access array elements with negative indices" time="0.001">
    </testcase>
    <testcase classname="getValue function array access should return undefined for out-of-bounds indices" name="getValue function array access should return undefined for out-of-bounds indices" time="0">
    </testcase>
    <testcase classname="getValue function array access should handle empty arrays" name="getValue function array access should handle empty arrays" time="0">
    </testcase>
    <testcase classname="getValue function complex nested access should handle arrays of objects" name="getValue function complex nested access should handle arrays of objects" time="0">
    </testcase>
    <testcase classname="getValue function complex nested access should handle nested arrays" name="getValue function complex nested access should handle nested arrays" time="0.001">
    </testcase>
    <testcase classname="getValue function complex nested access should handle objects containing arrays containing objects" name="getValue function complex nested access should handle objects containing arrays containing objects" time="0">
    </testcase>
    <testcase classname="getValue function edge cases should handle null and undefined objects" name="getValue function edge cases should handle null and undefined objects" time="0.001">
    </testcase>
    <testcase classname="getValue function edge cases should handle primitive values as objects" name="getValue function edge cases should handle primitive values as objects" time="0">
    </testcase>
    <testcase classname="getValue function edge cases should handle empty path" name="getValue function edge cases should handle empty path" time="0">
    </testcase>
    <testcase classname="getValue function edge cases should handle array access on non-arrays" name="getValue function edge cases should handle array access on non-arrays" time="0">
    </testcase>
    <testcase classname="getValue function edge cases should handle complex array notation" name="getValue function edge cases should handle complex array notation" time="0">
    </testcase>
    <testcase classname="getValue function special path formats should handle zero indices" name="getValue function special path formats should handle zero indices" time="0">
    </testcase>
    <testcase classname="getValue function special path formats should handle array indices in the middle of paths" name="getValue function special path formats should handle array indices in the middle of paths" time="0.001">
    </testcase>
    <testcase classname="getValue function special path formats should handle single array access with nested objects" name="getValue function special path formats should handle single array access with nested objects" time="0">
    </testcase>
    <testcase classname="getValue function prototype pollution prevention should block __proto__ key access" name="getValue function prototype pollution prevention should block __proto__ key access" time="0.005">
    </testcase>
    <testcase classname="getValue function prototype pollution prevention should block constructor key access" name="getValue function prototype pollution prevention should block constructor key access" time="0.006">
    </testcase>
    <testcase classname="getValue function prototype pollution prevention should block prototype key access" name="getValue function prototype pollution prevention should block prototype key access" time="0">
    </testcase>
    <testcase classname="getValue function prototype pollution prevention should still allow normal keys that are not dangerous" name="getValue function prototype pollution prevention should still allow normal keys that are not dangerous" time="0">
    </testcase>
    <testcase classname="getValue function data type preservation should preserve original data types" name="getValue function data type preservation should preserve original data types" time="0.001">
    </testcase>
  </testsuite>
  <testsuite name="literalExpression function" errors="0" failures="0" skipped="0" timestamp="2026-04-26T13:11:59" time="0.095" tests="8">
    <testcase classname="literalExpression function should handle basic equations" name="literalExpression function should handle basic equations" time="0.001">
    </testcase>
    <testcase classname="literalExpression function should handle basic equations (right side)" name="literalExpression function should handle basic equations (right side)" time="0">
    </testcase>
    <testcase classname="literalExpression function should handle equations with mixed numerical and variable parts" name="literalExpression function should handle equations with mixed numerical and variable parts" time="0.001">
    </testcase>
    <testcase classname="literalExpression function should handle equations with mixed numerical and variable parts (right side)" name="literalExpression function should handle equations with mixed numerical and variable parts (right side)" time="0.001">
    </testcase>
    <testcase classname="literalExpression function should simplify when gcd is greater than 1" name="literalExpression function should simplify when gcd is greater than 1" time="0">
    </testcase>
    <testcase classname="literalExpression function should simplify when gcd is greater than 1 (right side)" name="literalExpression function should simplify when gcd is greater than 1 (right side)" time="0">
    </testcase>
    <testcase classname="literalExpression function should handle fractions that cannot be simplified to denominator 1" name="literalExpression function should handle fractions that cannot be simplified to denominator 1" time="0">
    </testcase>
    <testcase classname="literalExpression function should handle invalid equations" name="literalExpression function should handle invalid equations" time="0.001">
    </testcase>
  </testsuite>
  <testsuite name="dualPivotQuickSort" errors="0" failures="0" skipped="0" timestamp="2026-04-26T13:11:59" time="0.105" tests="14">
    <testcase classname="dualPivotQuickSort should sort an array of numbers in ascending order" name="dualPivotQuickSort should sort an array of numbers in ascending order" time="0.001">
    </testcase>
    <testcase classname="dualPivotQuickSort should sort an array of strings lexicographically" name="dualPivotQuickSort should sort an array of strings lexicographically" time="0">
    </testcase>
    <testcase classname="dualPivotQuickSort should sort in descending order when custom comparison function is provided" name="dualPivotQuickSort should sort in descending order when custom comparison function is provided" time="0">
    </testcase>
    <testcase classname="dualPivotQuickSort should handle empty array" name="dualPivotQuickSort should handle empty array" time="0">
    </testcase>
    <testcase classname="dualPivotQuickSort should handle array with single element" name="dualPivotQuickSort should handle array with single element" time="0">
    </testcase>
    <testcase classname="dualPivotQuickSort should handle array with all identical elements" name="dualPivotQuickSort should handle array with all identical elements" time="0">
    </testcase>
    <testcase classname="dualPivotQuickSort should handle already sorted array" name="dualPivotQuickSort should handle already sorted array" time="0">
    </testcase>
    <testcase classname="dualPivotQuickSort should handle reverse sorted array" name="dualPivotQuickSort should handle reverse sorted array" time="0">
    </testcase>
    <testcase classname="dualPivotQuickSort should handle array with negative numbers" name="dualPivotQuickSort should handle array with negative numbers" time="0">
    </testcase>
    <testcase classname="dualPivotQuickSort should sort only specified range of array" name="dualPivotQuickSort should sort only specified range of array" time="0">
    </testcase>
    <testcase classname="dualPivotQuickSort should handle large arrays efficiently" name="dualPivotQuickSort should handle large arrays efficiently" time="0.061">
    </testcase>
    <testcase classname="dualPivotQuickSort should use insertion sort for small arrays when threshold is adjusted" name="dualPivotQuickSort should use insertion sort for small arrays when threshold is adjusted" time="0">
    </testcase>
    <testcase classname="dualPivotQuickSort should handle adjacent pivots (empty middle partition)" name="dualPivotQuickSort should handle adjacent pivots (empty middle partition)" time="0">
    </testcase>
    <testcase classname="dualPivotQuickSort should sort array of objects using custom comparison" name="dualPivotQuickSort should sort array of objects using custom comparison" time="0.001">
    </testcase>
  </testsuite>
  <testsuite name="convertTime" errors="0" failures="0" skipped="0" timestamp="2026-04-26T13:11:57" time="0.85" tests="40">
    <testcase classname="convertTime converts 1 hour to seconds" name="convertTime converts 1 hour to seconds" time="0.005">
    </testcase>
    <testcase classname="convertTime converts 3600 seconds to hours" name="convertTime converts 3600 seconds to hours" time="0">
    </testcase>
    <testcase classname="convertTime converts 90 minutes to hours" name="convertTime converts 90 minutes to hours" time="0">
    </testcase>
    <testcase classname="convertTime converts 1 hour to milliseconds" name="convertTime converts 1 hour to milliseconds" time="0">
    </testcase>
    <testcase classname="convertTime converts 0.5 seconds to milliseconds" name="convertTime converts 0.5 seconds to milliseconds" time="0">
    </testcase>
    <testcase classname="convertTime converts 1000 milliseconds to seconds" name="convertTime converts 1000 milliseconds to seconds" time="0">
    </testcase>
    <testcase classname="convertTime converts between same units (seconds to seconds)" name="convertTime converts between same units (seconds to seconds)" time="0">
    </testcase>
    <testcase classname="convertTime converts decimal input (1.5 hours to minutes)" name="convertTime converts decimal input (1.5 hours to minutes)" time="0.001">
    </testcase>
    <testcase classname="convertTime converts zero" name="convertTime converts zero" time="0">
    </testcase>
    <testcase classname="convertTime converts very large numbers" name="convertTime converts very large numbers" time="0">
    </testcase>
    <testcase classname="convertTime converts 1 hour to seconds (short format)" name="convertTime converts 1 hour to seconds (short format)" time="0">
    </testcase>
    <testcase classname="convertTime converts 3600 seconds to hours (short format)" name="convertTime converts 3600 seconds to hours (short format)" time="0">
    </testcase>
    <testcase classname="convertTime converts 90 minutes to hours (short format)" name="convertTime converts 90 minutes to hours (short format)" time="0.001">
    </testcase>
    <testcase classname="convertTime converts 1 hour to milliseconds (short format)" name="convertTime converts 1 hour to milliseconds (short format)" time="0">
    </testcase>
    <testcase classname="convertTime converts 0.5 seconds to milliseconds (short format)" name="convertTime converts 0.5 seconds to milliseconds (short format)" time="0">
    </testcase>
    <testcase classname="convertTime converts 1000 milliseconds to seconds (short format)" name="convertTime converts 1000 milliseconds to seconds (short format)" time="0">
    </testcase>
    <testcase classname="convertTime converts between same units (seconds to seconds) (short format)" name="convertTime converts between same units (seconds to seconds) (short format)" time="0">
    </testcase>
    <testcase classname="convertTime converts decimal input (1.5 hours to minutes) (short format)" name="convertTime converts decimal input (1.5 hours to minutes) (short format)" time="0">
    </testcase>
    <testcase classname="convertTime converts zero (short format)" name="convertTime converts zero (short format)" time="0">
    </testcase>
    <testcase classname="convertTime converts very large numbers (short format)" name="convertTime converts very large numbers (short format)" time="0.001">
    </testcase>
    <testcase classname="convertTime converts 1 hour to seconds (long to short)" name="convertTime converts 1 hour to seconds (long to short)" time="0">
    </testcase>
    <testcase classname="convertTime converts 3600 seconds to hours (long to short)" name="convertTime converts 3600 seconds to hours (long to short)" time="0">
    </testcase>
    <testcase classname="convertTime converts 90 minutes to hours (long to short)" name="convertTime converts 90 minutes to hours (long to short)" time="0">
    </testcase>
    <testcase classname="convertTime converts 1 hour to milliseconds (long to short)" name="convertTime converts 1 hour to milliseconds (long to short)" time="0">
    </testcase>
    <testcase classname="convertTime converts 0.5 seconds to milliseconds (long to short)" name="convertTime converts 0.5 seconds to milliseconds (long to short)" time="0">
    </testcase>
    <testcase classname="convertTime converts 1000 milliseconds to seconds (long to short)" name="convertTime converts 1000 milliseconds to seconds (long to short)" time="0">
    </testcase>
    <testcase classname="convertTime converts between same units (seconds to seconds) (long to short)" name="convertTime converts between same units (seconds to seconds) (long to short)" time="0">
    </testcase>
    <testcase classname="convertTime converts decimal input (1.5 hours to minutes) (long to short)" name="convertTime converts decimal input (1.5 hours to minutes) (long to short)" time="0">
    </testcase>
    <testcase classname="convertTime converts zero (long to short)" name="convertTime converts zero (long to short)" time="0">
    </testcase>
    <testcase classname="convertTime converts very large numbers (long to short)" name="convertTime converts very large numbers (long to short)" time="0">
    </testcase>
    <testcase classname="convertTime converts 1 hour to seconds (short to long)" name="convertTime converts 1 hour to seconds (short to long)" time="0">
    </testcase>
    <testcase classname="convertTime converts 3600 seconds to hours (short to long)" name="convertTime converts 3600 seconds to hours (short to long)" time="0">
    </testcase>
    <testcase classname="convertTime converts 90 minutes to hours (short to long)" name="convertTime converts 90 minutes to hours (short to long)" time="0.001">
    </testcase>
    <testcase classname="convertTime converts 1 hour to milliseconds (short to long)" name="convertTime converts 1 hour to milliseconds (short to long)" time="0">
    </testcase>
    <testcase classname="convertTime converts 0.5 seconds to milliseconds (short to long)" name="convertTime converts 0.5 seconds to milliseconds (short to long)" time="0.005">
    </testcase>
    <testcase classname="convertTime converts 1000 milliseconds to seconds (short to long)" name="convertTime converts 1000 milliseconds to seconds (short to long)" time="0">
    </testcase>
    <testcase classname="convertTime converts between same units (seconds to seconds) (short to long)" name="convertTime converts between same units (seconds to seconds) (short to long)" time="0">
    </testcase>
    <testcase classname="convertTime converts decimal input (1.5 hours to minutes) (short to long)" name="convertTime converts decimal input (1.5 hours to minutes) (short to long)" time="0">
    </testcase>
    <testcase classname="convertTime converts zero (short to long)" name="convertTime converts zero (short to long)" time="0">
    </testcase>
    <testcase classname="convertTime converts very large numbers (short to long)" name="convertTime converts very large numbers (short to long)" time="0.001">
    </testcase>
  </testsuite>
  <testsuite name="getNetworkAddress" errors="0" failures="0" skipped="0" timestamp="2026-04-26T13:11:59" time="0.069" tests="8">
    <testcase classname="getNetworkAddress valid IP addresses and subnet masks should calculate network address for 192.168.1.1 with mask 255.255.255.0" name="getNetworkAddress valid IP addresses and subnet masks should calculate network address for 192.168.1.1 with mask 255.255.255.0" time="0.001">
    </testcase>
    <testcase classname="getNetworkAddress valid IP addresses and subnet masks should calculate network address for 172.16.5.1 with mask 255.255.0.0" name="getNetworkAddress valid IP addresses and subnet masks should calculate network address for 172.16.5.1 with mask 255.255.0.0" time="0.001">
    </testcase>
    <testcase classname="getNetworkAddress valid IP addresses and subnet masks should calculate network address for 10.0.0.15 with mask 255.0.0.0" name="getNetworkAddress valid IP addresses and subnet masks should calculate network address for 10.0.0.15 with mask 255.0.0.0" time="0">
    </testcase>
    <testcase classname="getNetworkAddress valid IP addresses and subnet masks should calculate network address for 192.168.1.1 with mask 255.255.254.0" name="getNetworkAddress valid IP addresses and subnet masks should calculate network address for 192.168.1.1 with mask 255.255.254.0" time="0">
    </testcase>
    <testcase classname="getNetworkAddress valid IP addresses and subnet masks should calculate network address for 255.255.255.255 with mask 255.255.255.0" name="getNetworkAddress valid IP addresses and subnet masks should calculate network address for 255.255.255.255 with mask 255.255.255.0" time="0.001">
    </testcase>
    <testcase classname="getNetworkAddress valid IP addresses and subnet masks should calculate network address for 0.0.0.0 with mask 255.255.255.0" name="getNetworkAddress valid IP addresses and subnet masks should calculate network address for 0.0.0.0 with mask 255.255.255.0" time="0">
    </testcase>
    <testcase classname="getNetworkAddress valid IP addresses and subnet masks should calculate network address for 192.168.1.1 with mask 255.255.255.252" name="getNetworkAddress valid IP addresses and subnet masks should calculate network address for 192.168.1.1 with mask 255.255.255.252" time="0">
    </testcase>
    <testcase classname="getNetworkAddress valid IP addresses and subnet masks should calculate network address for 10.10.10.10 with mask 255.255.255.240" name="getNetworkAddress valid IP addresses and subnet masks should calculate network address for 10.10.10.10 with mask 255.255.255.240" time="0">
    </testcase>
  </testsuite>
  <testsuite name="calculator function" errors="0" failures="0" skipped="0" timestamp="2026-04-26T13:11:59" time="0.105" tests="8">
    <testcase classname="calculator function should handle addition" name="calculator function should handle addition" time="0.002">
    </testcase>
    <testcase classname="calculator function should handle subtraction" name="calculator function should handle subtraction" time="0.001">
    </testcase>
    <testcase classname="calculator function should handle multiplication" name="calculator function should handle multiplication" time="0.001">
    </testcase>
    <testcase classname="calculator function should handle division" name="calculator function should handle division" time="0">
    </testcase>
    <testcase classname="calculator function should handle exponentiation" name="calculator function should handle exponentiation" time="0">
    </testcase>
    <testcase classname="calculator function should handle parentheses" name="calculator function should handle parentheses" time="0">
    </testcase>
    <testcase classname="calculator function should handle equations" name="calculator function should handle equations" time="0.001">
    </testcase>
    <testcase classname="calculator function should handle variables" name="calculator function should handle variables" time="0.001">
    </testcase>
  </testsuite>
  <testsuite name="hslaToRgba function" errors="0" failures="0" skipped="0" timestamp="2026-04-26T13:11:59" time="0.078" tests="19">
    <testcase classname="hslaToRgba function should convert HSLA(0, 100%, 50%, 1) to RGBA" name="hslaToRgba function should convert HSLA(0, 100%, 50%, 1) to RGBA" time="0.002">
    </testcase>
    <testcase classname="hslaToRgba function should convert HSLA(120, 100%, 50%, 1) to RGBA" name="hslaToRgba function should convert HSLA(120, 100%, 50%, 1) to RGBA" time="0.001">
    </testcase>
    <testcase classname="hslaToRgba function should convert HSLA(240, 100%, 50%, 1) to RGBA" name="hslaToRgba function should convert HSLA(240, 100%, 50%, 1) to RGBA" time="0">
    </testcase>
    <testcase classname="hslaToRgba function should convert HSLA(60, 100%, 50%, 1) to RGBA" name="hslaToRgba function should convert HSLA(60, 100%, 50%, 1) to RGBA" time="0">
    </testcase>
    <testcase classname="hslaToRgba function should convert HSLA(180, 100%, 50%, 1) to RGBA" name="hslaToRgba function should convert HSLA(180, 100%, 50%, 1) to RGBA" time="0">
    </testcase>
    <testcase classname="hslaToRgba function should convert HSLA(300, 100%, 50%, 1) to RGBA" name="hslaToRgba function should convert HSLA(300, 100%, 50%, 1) to RGBA" time="0">
    </testcase>
    <testcase classname="hslaToRgba function should convert HSLA(0, 0%, 100%, 1) to RGBA" name="hslaToRgba function should convert HSLA(0, 0%, 100%, 1) to RGBA" time="0">
    </testcase>
    <testcase classname="hslaToRgba function should convert HSLA(0, 0%, 0%, 1) to RGBA" name="hslaToRgba function should convert HSLA(0, 0%, 0%, 1) to RGBA" time="0">
    </testcase>
    <testcase classname="hslaToRgba function should convert HSLA(0, 100%, 50%, 0) to RGBA" name="hslaToRgba function should convert HSLA(0, 100%, 50%, 0) to RGBA" time="0.001">
    </testcase>
    <testcase classname="hslaToRgba function should convert HSLA(0, 0%, 0%) to RGBA" name="hslaToRgba function should convert HSLA(0, 0%, 0%) to RGBA" time="0">
    </testcase>
    <testcase classname="hslaToRgba function should convert HSLA(360, 100%, 100%) to RGBA" name="hslaToRgba function should convert HSLA(360, 100%, 100%) to RGBA" time="0">
    </testcase>
    <testcase classname="hslaToRgba function should convert HSLA(0, 100%, 50%) to RGBA" name="hslaToRgba function should convert HSLA(0, 100%, 50%) to RGBA" time="0">
    </testcase>
    <testcase classname="hslaToRgba function should convert HSLA(240, 100%, 25%, 1) to RGBA" name="hslaToRgba function should convert HSLA(240, 100%, 25%, 1) to RGBA" time="0">
    </testcase>
    <testcase classname="hslaToRgba function should convert HSLA(120, 100%, 25%, 1) to RGBA" name="hslaToRgba function should convert HSLA(120, 100%, 25%, 1) to RGBA" time="0.001">
    </testcase>
    <testcase classname="hslaToRgba function should convert HSLA(0, 100%, 25%, 1) to RGBA" name="hslaToRgba function should convert HSLA(0, 100%, 25%, 1) to RGBA" time="0">
    </testcase>
    <testcase classname="hslaToRgba function should convert HSLA(60, 100%, 25%, 1) to RGBA" name="hslaToRgba function should convert HSLA(60, 100%, 25%, 1) to RGBA" time="0">
    </testcase>
    <testcase classname="hslaToRgba function should convert HSLA(180, 100%, 25%, 1) to RGBA" name="hslaToRgba function should convert HSLA(180, 100%, 25%, 1) to RGBA" time="0">
    </testcase>
    <testcase classname="hslaToRgba function should convert HSLA(300, 100%, 25%, 1) to RGBA" name="hslaToRgba function should convert HSLA(300, 100%, 25%, 1) to RGBA" time="0.001">
    </testcase>
    <testcase classname="hslaToRgba function should convert HSLA(0, 0%, 25%, 1) to RGBA" name="hslaToRgba function should convert HSLA(0, 0%, 25%, 1) to RGBA" time="0">
    </testcase>
  </testsuite>
  <testsuite name="union validation" errors="0" failures="0" skipped="0" timestamp="2026-04-26T13:11:57" time="0.858" tests="8">
    <testcase classname="union validation should accept values matching the first validator" name="union validation should accept values matching the first validator" time="0.006">
    </testcase>
    <testcase classname="union validation should accept values matching the second validator" name="union validation should accept values matching the second validator" time="0">
    </testcase>
    <testcase classname="union validation should reject values matching none of the validators" name="union validation should reject values matching none of the validators" time="0">
    </testcase>
    <testcase classname="union validation should work with three or more validators" name="union validation should work with three or more validators" time="0.001">
    </testcase>
    <testcase classname="union validation should work nested inside object()" name="union validation should work nested inside object()" time="0">
    </testcase>
    <testcase classname="union validation should return the last failing validator&apos;s message" name="union validation should return the last failing validator&apos;s message" time="0">
    </testcase>
    <testcase classname="union validation should infer union type correctly" name="union validation should infer union type correctly" time="0">
    </testcase>
    <testcase classname="union validation should support nested unions" name="union validation should support nested unions" time="0">
    </testcase>
  </testsuite>
  <testsuite name="calculator - security/regex tests" errors="0" failures="0" skipped="0" timestamp="2026-04-26T13:11:59" time="0.079" tests="3">
    <testcase classname="calculator - security/regex tests should handle currency symbols with special regex characters correctly" name="calculator - security/regex tests should handle currency symbols with special regex characters correctly" time="0.001">
    </testcase>
    <testcase classname="calculator - security/regex tests should handle currency symbols with other special characters" name="calculator - security/regex tests should handle currency symbols with other special characters" time="0.001">
    </testcase>
    <testcase classname="calculator - security/regex tests should handle currency symbols with brackets" name="calculator - security/regex tests should handle currency symbols with brackets" time="0">
    </testcase>
  </testsuite>
  <testsuite name="Integration test for &apos;parseJson&apos; and &apos;Validate&apos; functions" errors="0" failures="0" skipped="0" timestamp="2026-04-26T13:11:59" time="0.094" tests="6">
    <testcase classname="Integration test for &apos;parseJson&apos; and &apos;Validate&apos; functions Valid JSON parsing and validation should parse JSON string with number values" name="Integration test for &apos;parseJson&apos; and &apos;Validate&apos; functions Valid JSON parsing and validation should parse JSON string with number values" time="0">
    </testcase>
    <testcase classname="Integration test for &apos;parseJson&apos; and &apos;Validate&apos; functions Valid JSON parsing and validation should parse JSON string with boolean values" name="Integration test for &apos;parseJson&apos; and &apos;Validate&apos; functions Valid JSON parsing and validation should parse JSON string with boolean values" time="0">
    </testcase>
    <testcase classname="Integration test for &apos;parseJson&apos; and &apos;Validate&apos; functions Valid JSON parsing and validation should validate nested objects" name="Integration test for &apos;parseJson&apos; and &apos;Validate&apos; functions Valid JSON parsing and validation should validate nested objects" time="0">
    </testcase>
    <testcase classname="Integration test for &apos;parseJson&apos; and &apos;Validate&apos; functions Invalid cases should handle invalid JSON strings" name="Integration test for &apos;parseJson&apos; and &apos;Validate&apos; functions Invalid cases should handle invalid JSON strings" time="0.007">
    </testcase>
    <testcase classname="Integration test for &apos;parseJson&apos; and &apos;Validate&apos; functions Invalid cases should fail validation for mismatched types" name="Integration test for &apos;parseJson&apos; and &apos;Validate&apos; functions Invalid cases should fail validation for mismatched types" time="0">
    </testcase>
    <testcase classname="Integration test for &apos;parseJson&apos; and &apos;Validate&apos; functions Invalid cases should fail validation for missing required fields" name="Integration test for &apos;parseJson&apos; and &apos;Validate&apos; functions Invalid cases should fail validation for missing required fields" time="0">
    </testcase>
  </testsuite>
  <testsuite name="Integration test for IP address conversions" errors="0" failures="0" skipped="0" timestamp="2026-04-26T13:11:59" time="0.104" tests="8">
    <testcase classname="Integration test for IP address conversions should perform round-trip conversion: IP → Long → IP" name="Integration test for IP address conversions should perform round-trip conversion: IP → Long → IP" time="0.002">
    </testcase>
    <testcase classname="Integration test for IP address conversions should perform round-trip conversion: CIDR → Subnet Mask → CIDR" name="Integration test for IP address conversions should perform round-trip conversion: CIDR → Subnet Mask → CIDR" time="0.001">
    </testcase>
    <testcase classname="Integration test for IP address conversions should convert IP to binary and validate network calculations" name="Integration test for IP address conversions should convert IP to binary and validate network calculations" time="0.001">
    </testcase>
    <testcase classname="Integration test for IP address conversions should validate private IP ranges with conversions" name="Integration test for IP address conversions should validate private IP ranges with conversions" time="0.001">
    </testcase>
    <testcase classname="Integration test for IP address conversions should handle complex network range validations" name="Integration test for IP address conversions should handle complex network range validations" time="0.001">
    </testcase>
    <testcase classname="Integration test for IP address conversions should perform binary string conversions with network analysis" name="Integration test for IP address conversions should perform binary string conversions with network analysis" time="0.001">
    </testcase>
    <testcase classname="Integration test for IP address conversions should handle subnet calculations with multiple conversion methods" name="Integration test for IP address conversions should handle subnet calculations with multiple conversion methods" time="0.005">
    </testcase>
    <testcase classname="Integration test for IP address conversions should validate edge cases in IP conversions" name="Integration test for IP address conversions should validate edge cases in IP conversions" time="0.001">
    </testcase>
  </testsuite>
  <testsuite name="isPrivateIp" errors="0" failures="0" skipped="0" timestamp="2026-04-26T13:11:59" time="0.091" tests="16">
    <testcase classname="isPrivateIp private IP addresses should identify 10.0.0.1 as private IP (Class A private - start range)" name="isPrivateIp private IP addresses should identify 10.0.0.1 as private IP (Class A private - start range)" time="0">
    </testcase>
    <testcase classname="isPrivateIp private IP addresses should identify 10.255.255.255 as private IP (Class A private - end range)" name="isPrivateIp private IP addresses should identify 10.255.255.255 as private IP (Class A private - end range)" time="0.001">
    </testcase>
    <testcase classname="isPrivateIp private IP addresses should identify 172.16.0.1 as private IP (Class B private - start range)" name="isPrivateIp private IP addresses should identify 172.16.0.1 as private IP (Class B private - start range)" time="0">
    </testcase>
    <testcase classname="isPrivateIp private IP addresses should identify 172.31.255.255 as private IP (Class B private - end range)" name="isPrivateIp private IP addresses should identify 172.31.255.255 as private IP (Class B private - end range)" time="0">
    </testcase>
    <testcase classname="isPrivateIp private IP addresses should identify 192.168.0.1 as private IP (Class C private - start range)" name="isPrivateIp private IP addresses should identify 192.168.0.1 as private IP (Class C private - start range)" time="0">
    </testcase>
    <testcase classname="isPrivateIp private IP addresses should identify 192.168.255.255 as private IP (Class C private - end range)" name="isPrivateIp private IP addresses should identify 192.168.255.255 as private IP (Class C private - end range)" time="0">
    </testcase>
    <testcase classname="isPrivateIp non-private IP addresses should identify 9.255.255.255 as non-private IP (Just before Class A private)" name="isPrivateIp non-private IP addresses should identify 9.255.255.255 as non-private IP (Just before Class A private)" time="0">
    </testcase>
    <testcase classname="isPrivateIp non-private IP addresses should identify 11.0.0.0 as non-private IP (Just after Class A private)" name="isPrivateIp non-private IP addresses should identify 11.0.0.0 as non-private IP (Just after Class A private)" time="0.001">
    </testcase>
    <testcase classname="isPrivateIp non-private IP addresses should identify 172.15.255.255 as non-private IP (Just before Class B private)" name="isPrivateIp non-private IP addresses should identify 172.15.255.255 as non-private IP (Just before Class B private)" time="0">
    </testcase>
    <testcase classname="isPrivateIp non-private IP addresses should identify 172.32.0.0 as non-private IP (Just after Class B private)" name="isPrivateIp non-private IP addresses should identify 172.32.0.0 as non-private IP (Just after Class B private)" time="0">
    </testcase>
    <testcase classname="isPrivateIp non-private IP addresses should identify 192.167.255.255 as non-private IP (Just before Class C private)" name="isPrivateIp non-private IP addresses should identify 192.167.255.255 as non-private IP (Just before Class C private)" time="0">
    </testcase>
    <testcase classname="isPrivateIp non-private IP addresses should identify 192.169.0.0 as non-private IP (Just after Class C private)" name="isPrivateIp non-private IP addresses should identify 192.169.0.0 as non-private IP (Just after Class C private)" time="0">
    </testcase>
    <testcase classname="isPrivateIp non-private IP addresses should identify 8.8.8.8 as non-private IP (Google DNS)" name="isPrivateIp non-private IP addresses should identify 8.8.8.8 as non-private IP (Google DNS)" time="0">
    </testcase>
    <testcase classname="isPrivateIp non-private IP addresses should identify 1.1.1.1 as non-private IP (Cloudflare DNS)" name="isPrivateIp non-private IP addresses should identify 1.1.1.1 as non-private IP (Cloudflare DNS)" time="0">
    </testcase>
    <testcase classname="isPrivateIp non-private IP addresses should identify 169.254.0.1 as non-private IP (Link-local address)" name="isPrivateIp non-private IP addresses should identify 169.254.0.1 as non-private IP (Link-local address)" time="0">
    </testcase>
    <testcase classname="isPrivateIp non-private IP addresses should identify 127.0.0.1 as non-private IP (Localhost)" name="isPrivateIp non-private IP addresses should identify 127.0.0.1 as non-private IP (Localhost)" time="0.001">
    </testcase>
  </testsuite>
  <testsuite name="rgbaToHsla" errors="0" failures="0" skipped="0" timestamp="2026-04-26T13:11:59" time="0.123" tests="11">
    <testcase classname="rgbaToHsla should handle edge cases correctly" name="rgbaToHsla should handle edge cases correctly" time="0.001">
    </testcase>
    <testcase classname="rgbaToHsla should convert RGB({ r: 100, g: 100, b: 100 }) to HSLA" name="rgbaToHsla should convert RGB({ r: 100, g: 100, b: 100 }) to HSLA" time="0.001">
    </testcase>
    <testcase classname="rgbaToHsla should convert RGB({ r: 255, g: 0, b: 0 }) to HSLA" name="rgbaToHsla should convert RGB({ r: 255, g: 0, b: 0 }) to HSLA" time="0">
    </testcase>
    <testcase classname="rgbaToHsla should convert RGB({ r: 0, g: 255, b: 0 }) to HSLA" name="rgbaToHsla should convert RGB({ r: 0, g: 255, b: 0 }) to HSLA" time="0">
    </testcase>
    <testcase classname="rgbaToHsla should convert RGB({ r: 0, g: 0, b: 255 }) to HSLA" name="rgbaToHsla should convert RGB({ r: 0, g: 0, b: 255 }) to HSLA" time="0.001">
    </testcase>
    <testcase classname="rgbaToHsla should convert RGB({ r: 255, g: 0, b: 0, a: 0.5 }) to HSLA" name="rgbaToHsla should convert RGB({ r: 255, g: 0, b: 0, a: 0.5 }) to HSLA" time="0">
    </testcase>
    <testcase classname="rgbaToHsla should convert RGB({ r: 255, g: 255, b: 0 }) to HSLA" name="rgbaToHsla should convert RGB({ r: 255, g: 255, b: 0 }) to HSLA" time="0">
    </testcase>
    <testcase classname="rgbaToHsla should convert RGB({ r: 0, g: 0, b: 255, a: 0.7 }) to HSLA" name="rgbaToHsla should convert RGB({ r: 0, g: 0, b: 255, a: 0.7 }) to HSLA" time="0">
    </testcase>
    <testcase classname="rgbaToHsla should convert RGB({ r: 173, g: 216, b: 230 }) to HSLA" name="rgbaToHsla should convert RGB({ r: 173, g: 216, b: 230 }) to HSLA" time="0">
    </testcase>
    <testcase classname="rgbaToHsla should convert RGB({ r: 255, g: 0, b: 100 }) to HSLA" name="rgbaToHsla should convert RGB({ r: 255, g: 0, b: 100 }) to HSLA" time="0.001">
    </testcase>
    <testcase classname="rgbaToHsla should convert RGB({ r: 100, g: 0, b: 255 }) to HSLA" name="rgbaToHsla should convert RGB({ r: 100, g: 0, b: 255 }) to HSLA" time="0">
    </testcase>
  </testsuite>
  <testsuite name="shuffle function" errors="0" failures="0" skipped="0" timestamp="2026-04-26T13:11:59" time="0.115" tests="9">
    <testcase classname="shuffle function should shuffle array elements" name="shuffle function should shuffle array elements" time="0.001">
    </testcase>
    <testcase classname="shuffle function should return empty array unchanged" name="shuffle function should return empty array unchanged" time="0">
    </testcase>
    <testcase classname="shuffle function should maintain the same length after shuffling" name="shuffle function should maintain the same length after shuffling" time="0.001">
    </testcase>
    <testcase classname="shuffle function should shuffle array with mixed strings and numbers" name="shuffle function should shuffle array with mixed strings and numbers" time="0.012">
    </testcase>
    <testcase classname="shuffle function should shuffle large arrays" name="shuffle function should shuffle large arrays" time="0.005">
    </testcase>
    <testcase classname="shuffle function should return single-element array unchanged" name="shuffle function should return single-element array unchanged" time="0.001">
    </testcase>
    <testcase classname="shuffle function should maintain frequency of duplicate elements" name="shuffle function should maintain frequency of duplicate elements" time="0">
    </testcase>
    <testcase classname="shuffle function should handle array of objects" name="shuffle function should handle array of objects" time="0">
    </testcase>
    <testcase classname="shuffle function should not modify the original array" name="shuffle function should not modify the original array" time="0">
    </testcase>
  </testsuite>
  <testsuite name="uuidv7 function" errors="0" failures="0" skipped="0" timestamp="2026-04-26T13:11:59" time="0.131" tests="6">
    <testcase classname="uuidv7 function should generate UUID v7 with correct format" name="uuidv7 function should generate UUID v7 with correct format" time="0.001">
    </testcase>
    <testcase classname="uuidv7 function should generate unique UUIDs" name="uuidv7 function should generate unique UUIDs" time="0.001">
    </testcase>
    <testcase classname="uuidv7 function should have version 7" name="uuidv7 function should have version 7" time="0">
    </testcase>
    <testcase classname="uuidv7 function should have correct variant" name="uuidv7 function should have correct variant" time="0">
    </testcase>
    <testcase classname="uuidv7 function should generate non-colliding UUIDs" name="uuidv7 function should generate non-colliding UUIDs" time="0.034">
    </testcase>
    <testcase classname="uuidv7 function should have correct timestamp" name="uuidv7 function should have correct timestamp" time="0">
    </testcase>
  </testsuite>
  <testsuite name="Integration test for date operations and formatting" errors="0" failures="0" skipped="0" timestamp="2026-04-26T13:11:59" time="0.125" tests="7">
    <testcase classname="Integration test for date operations and formatting should generate date range and format each date" name="Integration test for date operations and formatting should generate date range and format each date" time="0.002">
    </testcase>
    <testcase classname="Integration test for date operations and formatting should calculate age and format birthday with day of week" name="Integration test for date operations and formatting should calculate age and format birthday with day of week" time="0">
    </testcase>
    <testcase classname="Integration test for date operations and formatting should generate weekday dates within a month" name="Integration test for date operations and formatting should generate weekday dates within a month" time="0.002">
    </testcase>
    <testcase classname="Integration test for date operations and formatting should handle leap year dates correctly" name="Integration test for date operations and formatting should handle leap year dates correctly" time="0">
    </testcase>
    <testcase classname="Integration test for date operations and formatting should create calendar view with formatted dates and day names" name="Integration test for date operations and formatting should create calendar view with formatted dates and day names" time="0.001">
    </testcase>
    <testcase classname="Integration test for date operations and formatting should calculate business days between dates" name="Integration test for date operations and formatting should calculate business days between dates" time="0.001">
    </testcase>
    <testcase classname="Integration test for date operations and formatting should handle international date formatting" name="Integration test for date operations and formatting should handle international date formatting" time="0">
    </testcase>
  </testsuite>
  <testsuite name="getObjectsDiff" errors="0" failures="0" skipped="0" timestamp="2026-04-26T13:11:59" time="0.099" tests="30">
    <testcase classname="getObjectsDiff should find diff key-value pairs between two objects" name="getObjectsDiff should find diff key-value pairs between two objects" time="0">
    </testcase>
    <testcase classname="getObjectsDiff should find diff key-value pairs among three objects" name="getObjectsDiff should find diff key-value pairs among three objects" time="0">
    </testcase>
    <testcase classname="getObjectsDiff should return a shallow copy for a single object" name="getObjectsDiff should return a shallow copy for a single object" time="0">
    </testcase>
    <testcase classname="getObjectsDiff should return empty object when objects are identical" name="getObjectsDiff should return empty object when objects are identical" time="0">
    </testcase>
    <testcase classname="getObjectsDiff should return all pairs when no keys overlap" name="getObjectsDiff should return all pairs when no keys overlap" time="0">
    </testcase>
    <testcase classname="getObjectsDiff should handle empty objects" name="getObjectsDiff should handle empty objects" time="0.001">
    </testcase>
    <testcase classname="getObjectsDiff should use last value when same key has different unique values" name="getObjectsDiff should use last value when same key has different unique values" time="0">
    </testcase>
    <testcase classname="getObjectsDiff should handle same key with shared and unique values across three objects" name="getObjectsDiff should handle same key with shared and unique values across three objects" time="0">
    </testcase>
    <testcase classname="getObjectsDiff should handle falsy values correctly" name="getObjectsDiff should handle falsy values correctly" time="0">
    </testcase>
    <testcase classname="getObjectsDiff should handle different falsy values" name="getObjectsDiff should handle different falsy values" time="0">
    </testcase>
    <testcase classname="getObjectsDiff should find diff in nested objects recursively" name="getObjectsDiff should find diff in nested objects recursively" time="0">
    </testcase>
    <testcase classname="getObjectsDiff should exclude key when nested diff is empty" name="getObjectsDiff should exclude key when nested diff is empty" time="0">
    </testcase>
    <testcase classname="getObjectsDiff should handle deeply nested objects" name="getObjectsDiff should handle deeply nested objects" time="0.001">
    </testcase>
    <testcase classname="getObjectsDiff should handle nested objects among three objects" name="getObjectsDiff should handle nested objects among three objects" time="0">
    </testcase>
    <testcase classname="getObjectsDiff should handle nested shared values across three objects" name="getObjectsDiff should handle nested shared values across three objects" time="0">
    </testcase>
    <testcase classname="getObjectsDiff should handle mixed nested and primitive values" name="getObjectsDiff should handle mixed nested and primitive values" time="0">
    </testcase>
    <testcase classname="getObjectsDiff should compare arrays by reference" name="getObjectsDiff should compare arrays by reference" time="0">
    </testcase>
    <testcase classname="getObjectsDiff should not mutate original objects" name="getObjectsDiff should not mutate original objects" time="0">
    </testcase>
    <testcase classname="getObjectsDiff should prevent prototype pollution via __proto__" name="getObjectsDiff should prevent prototype pollution via __proto__" time="0">
    </testcase>
    <testcase classname="getObjectsDiff should compare using strict equality (no type coercion)" name="getObjectsDiff should compare using strict equality (no type coercion)" time="0">
    </testcase>
    <testcase classname="getObjectsDiff should handle NaN with SameValueZero semantics (NaN equals NaN in the internal Map)" name="getObjectsDiff should handle NaN with SameValueZero semantics (NaN equals NaN in the internal Map)" time="0">
    </testcase>
    <testcase classname="getObjectsDiff should include keys present in only some of the objects" name="getObjectsDiff should include keys present in only some of the objects" time="0">
    </testcase>
    <testcase classname="getObjectsDiff should keep the last unique value when 4+ objects have conflicting values" name="getObjectsDiff should keep the last unique value when 4+ objects have conflicting values" time="0">
    </testcase>
    <testcase classname="getObjectsDiff should not include a key when all values are identical across many objects" name="getObjectsDiff should not include a key when all values are identical across many objects" time="0">
    </testcase>
    <testcase classname="getObjectsDiff should not include a key when exactly one value is shared and one is unique (the unique wins)" name="getObjectsDiff should not include a key when exactly one value is shared and one is unique (the unique wins)" time="0">
    </testcase>
    <testcase classname="getObjectsDiff should pair shared values correctly across objects even when the shared value is not first" name="getObjectsDiff should pair shared values correctly across objects even when the shared value is not first" time="0">
    </testcase>
    <testcase classname="getObjectsDiff should handle keys that exist in only a subset of the inputs" name="getObjectsDiff should handle keys that exist in only a subset of the inputs" time="0">
    </testcase>
    <testcase classname="getObjectsDiff should iterate own enumerable keys only (skip inherited)" name="getObjectsDiff should iterate own enumerable keys only (skip inherited)" time="0.001">
    </testcase>
    <testcase classname="getObjectsDiff should return a new object, not the original" name="getObjectsDiff should return a new object, not the original" time="0">
    </testcase>
    <testcase classname="getObjectsDiff should pass through unsanitized __proto__ as own key (diff does not filter)" name="getObjectsDiff should pass through unsanitized __proto__ as own key (diff does not filter)" time="0">
    </testcase>
  </testsuite>
  <testsuite name="randomSelect" errors="0" failures="0" skipped="0" timestamp="2026-04-26T13:11:59" time="0.125" tests="9">
    <testcase classname="randomSelect should randomly select the specified number of elements" name="randomSelect should randomly select the specified number of elements" time="0.001">
    </testcase>
    <testcase classname="randomSelect should return elements equal to array length when count exceeds array length" name="randomSelect should return elements equal to array length when count exceeds array length" time="0">
    </testcase>
    <testcase classname="randomSelect should return an empty array when given an empty array" name="randomSelect should return an empty array when given an empty array" time="0.001">
    </testcase>
    <testcase classname="randomSelect should return specified count with duplicates when allowDuplicates is true" name="randomSelect should return specified count with duplicates when allowDuplicates is true" time="0">
    </testcase>
    <testcase classname="randomSelect should return specified count without duplicates when allowDuplicates is false" name="randomSelect should return specified count without duplicates when allowDuplicates is false" time="0.001">
    </testcase>
    <testcase classname="randomSelect should return an empty array when count is negative" name="randomSelect should return an empty array when count is negative" time="0">
    </testcase>
    <testcase classname="randomSelect should return an empty array when count is zero" name="randomSelect should return an empty array when count is zero" time="0">
    </testcase>
    <testcase classname="randomSelect should work correctly for large arrays triggering optimization path" name="randomSelect should work correctly for large arrays triggering optimization path" time="0.028">
    </testcase>
[...]
    <testcase classname="parseUserAgent should detect Linux desktop with Chrome" name="parseUserAgent should detect Linux desktop with Chrome" time="0">
    </testcase>
    <testcase classname="parseUserAgent should detect iPad as tablet" name="parseUserAgent should detect iPad as tablet" time="0.001">
    </testcase>
    <testcase classname="parseUserAgent should detect Android tablet" name="parseUserAgent should detect Android tablet" time="0">
    </testcase>
    <testcase classname="parseUserAgent should detect Internet Explorer on Windows" name="parseUserAgent should detect Internet Explorer on Windows" time="0">
    </testcase>
    <testcase classname="parseUserAgent should detect Googlebot" name="parseUserAgent should detect Googlebot" time="0">
    </testcase>
    <testcase classname="parseUserAgent should handle unknown user agent" name="parseUserAgent should handle unknown user agent" time="0">
    </testcase>
  </testsuite>
  <testsuite name="unwrap" errors="0" failures="0" skipped="0" timestamp="2026-04-26T13:12:04" time="0.225" tests="9">
    <testcase classname="unwrap should return the value when it is not undefined or null" name="unwrap should return the value when it is not undefined or null" time="0">
    </testcase>
    <testcase classname="unwrap should return the value when it is a number" name="unwrap should return the value when it is a number" time="0">
    </testcase>
    <testcase classname="unwrap should return the value when it is zero" name="unwrap should return the value when it is zero" time="0">
    </testcase>
    <testcase classname="unwrap should return the value when it is an empty string" name="unwrap should return the value when it is an empty string" time="0.001">
    </testcase>
    <testcase classname="unwrap should return the value when it is false" name="unwrap should return the value when it is false" time="0">
    </testcase>
    <testcase classname="unwrap should return the value when it is an object" name="unwrap should return the value when it is an object" time="0">
    </testcase>
    <testcase classname="unwrap should return the value when it is an array" name="unwrap should return the value when it is an array" time="0">
    </testcase>
    <testcase classname="unwrap should throw an error when the value is undefined" name="unwrap should throw an error when the value is undefined" time="0.01">
    </testcase>
    <testcase classname="unwrap should throw an error when the value is null" name="unwrap should throw an error when the value is null" time="0">
    </testcase>
  </testsuite>
  <testsuite name="addition" errors="0" failures="0" skipped="0" timestamp="2026-04-26T13:12:04" time="0.219" tests="15">
    <testcase classname="addition should add 2 numbers: 2, 3" name="addition should add 2 numbers: 2, 3" time="0.001">
    </testcase>
    <testcase classname="addition should add 2 numbers: -2, -3" name="addition should add 2 numbers: -2, -3" time="0">
    </testcase>
    <testcase classname="addition should add 2 numbers: 2, -3" name="addition should add 2 numbers: 2, -3" time="0">
    </testcase>
    <testcase classname="addition should add 2 numbers: 0.1, 0.2" name="addition should add 2 numbers: 0.1, 0.2" time="0">
    </testcase>
    <testcase classname="addition should add 2 numbers: -0.1, -0.2" name="addition should add 2 numbers: -0.1, -0.2" time="0">
    </testcase>
    <testcase classname="addition should add 2 numbers: 0.1, -0.2" name="addition should add 2 numbers: 0.1, -0.2" time="0">
    </testcase>
    <testcase classname="addition should add 2 numbers: 2, 0.3" name="addition should add 2 numbers: 2, 0.3" time="0.001">
    </testcase>
    <testcase classname="addition should add 2 numbers: -2, -0.3" name="addition should add 2 numbers: -2, -0.3" time="0">
    </testcase>
    <testcase classname="addition should add 2 numbers: 2, -0.3" name="addition should add 2 numbers: 2, -0.3" time="0">
    </testcase>
    <testcase classname="addition should add 2 numbers: -2, 0.3" name="addition should add 2 numbers: -2, 0.3" time="0">
    </testcase>
    <testcase classname="addition should add 3 numbers: 1, 2, 3" name="addition should add 3 numbers: 1, 2, 3" time="0">
    </testcase>
    <testcase classname="addition should add 3 numbers: -1, -2, -3" name="addition should add 3 numbers: -1, -2, -3" time="0">
    </testcase>
    <testcase classname="addition should add 3 numbers: 0.1, 0.2, 0.3" name="addition should add 3 numbers: 0.1, 0.2, 0.3" time="0">
    </testcase>
    <testcase classname="addition should add 3 numbers: 2, -3, 1" name="addition should add 3 numbers: 2, -3, 1" time="0">
    </testcase>
    <testcase classname="addition should add 3 numbers: -2, 0.5, 1.5" name="addition should add 3 numbers: -2, 0.5, 1.5" time="0">
    </testcase>
  </testsuite>
  <testsuite name="decodeBase32" errors="0" failures="0" skipped="0" timestamp="2026-04-26T13:12:04" time="0.221" tests="6">
    <testcase classname="decodeBase32 decodes a simple string" name="decodeBase32 decodes a simple string" time="0">
    </testcase>
    <testcase classname="decodeBase32 decodes an empty string" name="decodeBase32 decodes an empty string" time="0.001">
    </testcase>
    <testcase classname="decodeBase32 decodes strings with padding" name="decodeBase32 decodes strings with padding" time="0">
    </testcase>
    <testcase classname="decodeBase32 decodes longer text" name="decodeBase32 decodes longer text" time="0">
    </testcase>
    <testcase classname="decodeBase32 handles Base32 without padding" name="decodeBase32 handles Base32 without padding" time="0">
    </testcase>
    <testcase classname="decodeBase32 treats invalid characters as 0" name="decodeBase32 treats invalid characters as 0" time="0">
    </testcase>
  </testsuite>
  <testsuite name="Integration test for color space conversions" errors="0" failures="0" skipped="0" timestamp="2026-04-26T13:12:04" time="0.268" tests="8">
    <testcase classname="Integration test for color space conversions should perform round-trip conversion: RGBA → HSLA → RGBA" name="Integration test for color space conversions should perform round-trip conversion: RGBA → HSLA → RGBA" time="0.002">
    </testcase>
    <testcase classname="Integration test for color space conversions should perform round-trip conversion: RGBA → CMYK → RGBA" name="Integration test for color space conversions should perform round-trip conversion: RGBA → CMYK → RGBA" time="0.001">
    </testcase>
    <testcase classname="Integration test for color space conversions should perform round-trip conversion: RGBA → HEX → RGBA" name="Integration test for color space conversions should perform round-trip conversion: RGBA → HEX → RGBA" time="0">
    </testcase>
    <testcase classname="Integration test for color space conversions should handle multi-step color transformations" name="Integration test for color space conversions should handle multi-step color transformations" time="0.001">
    </testcase>
    <testcase classname="Integration test for color space conversions should handle grayscale conversions across color spaces" name="Integration test for color space conversions should handle grayscale conversions across color spaces" time="0.002">
    </testcase>
    <testcase classname="Integration test for color space conversions should preserve alpha channel through conversions" name="Integration test for color space conversions should preserve alpha channel through conversions" time="0.001">
    </testcase>
    <testcase classname="Integration test for color space conversions should handle edge cases in color conversions" name="Integration test for color space conversions should handle edge cases in color conversions" time="0.001">
    </testcase>
    <testcase classname="Integration test for color space conversions should handle color mixing through conversions" name="Integration test for color space conversions should handle color mixing through conversions" time="0.001">
    </testcase>
  </testsuite>
  <testsuite name="defer" errors="0" failures="0" skipped="0" timestamp="2026-04-26T13:12:04" time="0.239" tests="5">
    <testcase classname="defer resolves with the given value" name="defer resolves with the given value" time="0.001">
    </testcase>
    <testcase classname="defer rejects with the given reason" name="defer rejects with the given reason" time="0.008">
    </testcase>
    <testcase classname="defer exposes resolve and reject as functions" name="defer exposes resolve and reject as functions" time="0">
    </testcase>
    <testcase classname="defer works with async/await pattern" name="defer works with async/await pattern" time="0.01">
    </testcase>
    <testcase classname="defer handles promise-like values" name="defer handles promise-like values" time="0.001">
    </testcase>
  </testsuite>
  <testsuite name="gcd function" errors="0" failures="0" skipped="0" timestamp="2026-04-26T13:12:04" time="0.219" tests="10">
    <testcase classname="gcd function two positive integers" name="gcd function two positive integers" time="0.001">
    </testcase>
    <testcase classname="gcd function more than two positive integers" name="gcd function more than two positive integers" time="0">
    </testcase>
    <testcase classname="gcd function contains zero" name="gcd function contains zero" time="0">
    </testcase>
    <testcase classname="gcd function contains one" name="gcd function contains one" time="0">
    </testcase>
    <testcase classname="gcd function contains negative numbers" name="gcd function contains negative numbers" time="0">
    </testcase>
    <testcase classname="gcd function handles decimal numbers" name="gcd function handles decimal numbers" time="0">
    </testcase>
    <testcase classname="gcd function handles large numbers" name="gcd function handles large numbers" time="0">
    </testcase>
    <testcase classname="gcd function handles edge cases" name="gcd function handles edge cases" time="0.001">
    </testcase>
    <testcase classname="gcd function handles same numbers" name="gcd function handles same numbers" time="0">
    </testcase>
    <testcase classname="gcd function handles small numbers" name="gcd function handles small numbers" time="0">
    </testcase>
  </testsuite>
  <testsuite name="Integration test for string transformation and validation" errors="0" failures="0" skipped="0" timestamp="2026-04-26T13:12:04" time="0.334" tests="8">
    <testcase classname="Integration test for string transformation and validation should encode/decode Base64 and validate the results" name="Integration test for string transformation and validation should encode/decode Base64 and validate the results" time="0">
    </testcase>
    <testcase classname="Integration test for string transformation and validation should format strings and validate email addresses" name="Integration test for string transformation and validation should format strings and validate email addresses" time="0">
    </testcase>
    <testcase classname="Integration test for string transformation and validation should clean strings and validate length constraints" name="Integration test for string transformation and validation should clean strings and validate length constraints" time="0">
    </testcase>
    <testcase classname="Integration test for string transformation and validation should transform case and validate format" name="Integration test for string transformation and validation should transform case and validate format" time="0.001">
    </testcase>
    <testcase classname="Integration test for string transformation and validation should validate UUID after string manipulation" name="Integration test for string transformation and validation should validate UUID after string manipulation" time="0">
    </testcase>
    <testcase classname="Integration test for string transformation and validation should handle complex string workflows with multiple validations" name="Integration test for string transformation and validation should handle complex string workflows with multiple validations" time="0.001">
    </testcase>
    <testcase classname="Integration test for string transformation and validation should validate Base64 encoded JSON strings" name="Integration test for string transformation and validation should validate Base64 encoded JSON strings" time="0">
    </testcase>
    <testcase classname="Integration test for string transformation and validation should transform and validate configuration keys" name="Integration test for string transformation and validation should transform and validate configuration keys" time="0">
    </testcase>
  </testsuite>
  <testsuite name="fuzzySearch" errors="0" failures="0" skipped="0" timestamp="2026-04-26T13:12:04" time="0.21" tests="11">
    <testcase classname="fuzzySearch should perform fuzzy string matching according to JSDoc example" name="fuzzySearch should perform fuzzy string matching according to JSDoc example" time="0.001">
    </testcase>
    <testcase classname="fuzzySearch should find exact matches" name="fuzzySearch should find exact matches" time="0">
    </testcase>
    <testcase classname="fuzzySearch should sort results by score descending" name="fuzzySearch should sort results by score descending" time="0.001">
    </testcase>
    <testcase classname="fuzzySearch should use custom threshold" name="fuzzySearch should use custom threshold" time="0">
    </testcase>
    <testcase classname="fuzzySearch should be case insensitive" name="fuzzySearch should be case insensitive" time="0">
    </testcase>
    <testcase classname="fuzzySearch should handle empty query" name="fuzzySearch should handle empty query" time="0">
    </testcase>
    <testcase classname="fuzzySearch should handle empty items array" name="fuzzySearch should handle empty items array" time="0">
    </testcase>
    <testcase classname="fuzzySearch should filter out items below threshold" name="fuzzySearch should filter out items below threshold" time="0">
    </testcase>
    <testcase classname="fuzzySearch should handle single character matches" name="fuzzySearch should handle single character matches" time="0">
    </testcase>
    <testcase classname="fuzzySearch should handle special characters" name="fuzzySearch should handle special characters" time="0">
    </testcase>
    <testcase classname="fuzzySearch should exclude items where minDistanceInRow passes but trueDistance exceeds threshold" name="fuzzySearch should exclude items where minDistanceInRow passes but trueDistance exceeds threshold" time="0">
    </testcase>
  </testsuite>
  <testsuite name="Integration test for function composition" errors="0" failures="0" skipped="0" timestamp="2026-04-26T13:12:04" time="0.208" tests="8">
    <testcase classname="Integration test for function composition should combine curry with pipe for data transformations" name="Integration test for function composition should combine curry with pipe for data transformations" time="0.001">
    </testcase>
    <testcase classname="Integration test for function composition should create complex data processing pipelines" name="Integration test for function composition should create complex data processing pipelines" time="0">
    </testcase>
    <testcase classname="Integration test for function composition should handle curried functions in pipeline operations" name="Integration test for function composition should handle curried functions in pipeline operations" time="0">
    </testcase>
    <testcase classname="Integration test for function composition should compose mathematical operations with data parsing" name="Integration test for function composition should compose mathematical operations with data parsing" time="0">
    </testcase>
    <testcase classname="Integration test for function composition should handle complex nested function compositions" name="Integration test for function composition should handle complex nested function compositions" time="0.001">
    </testcase>
    <testcase classname="Integration test for function composition should combine currying with error-safe operations" name="Integration test for function composition should combine currying with error-safe operations" time="0">
    </testcase>
    <testcase classname="Integration test for function composition should create reusable transformation pipelines" name="Integration test for function composition should create reusable transformation pipelines" time="0">
    </testcase>
    <testcase classname="Integration test for function composition should handle array transformations with functional composition" name="Integration test for function composition should handle array transformations with functional composition" time="0">
    </testcase>
  </testsuite>
  <testsuite name="fromBase64" errors="0" failures="0" skipped="0" timestamp="2026-04-26T13:12:04" time="0.284" tests="6">
    <testcase classname="fromBase64 should convert Base64 to normal string" name="fromBase64 should convert Base64 to normal string" time="0.001">
    </testcase>
    <testcase classname="fromBase64 should convert empty Base64 string" name="fromBase64 should convert empty Base64 string" time="0">
    </testcase>
    <testcase classname="fromBase64 should convert Base64 string containing special characters" name="fromBase64 should convert Base64 string containing special characters" time="0">
    </testcase>
    <testcase classname="fromBase64 should convert Base64 string containing Japanese characters" name="fromBase64 should convert Base64 string containing Japanese characters" time="0">
    </testcase>
    <testcase classname="fromBase64 should convert Base64 string containing emojis" name="fromBase64 should convert Base64 string containing emojis" time="0">
    </testcase>
    <testcase classname="fromBase64 should handle different Base64 padding patterns" name="fromBase64 should handle different Base64 padding patterns" time="0">
    </testcase>
  </testsuite>
  <testsuite name="Integration test for error handling workflows" errors="0" failures="0" skipped="0" timestamp="2026-04-26T13:12:04" time="0.231" tests="7">
    <testcase classname="Integration test for error handling workflows should handle calculator errors safely" name="Integration test for error handling workflows should handle calculator errors safely" time="0">
    </testcase>
    <testcase classname="Integration test for error handling workflows should handle JSON parsing errors in data processing pipelines" name="Integration test for error handling workflows should handle JSON parsing errors in data processing pipelines" time="0.001">
    </testcase>
    <testcase classname="Integration test for error handling workflows should create error-resilient data transformation pipelines" name="Integration test for error handling workflows should create error-resilient data transformation pipelines" time="0">
    </testcase>
    <testcase classname="Integration test for error handling workflows should handle mathematical operations with fallback values" name="Integration test for error handling workflows should handle mathematical operations with fallback values" time="0.001">
    </testcase>
    <testcase classname="Integration test for error handling workflows should chain safe operations in complex workflows" name="Integration test for error handling workflows should chain safe operations in complex workflows" time="0">
    </testcase>
    <testcase classname="Integration test for error handling workflows should handle validation errors gracefully in data processing" name="Integration test for error handling workflows should handle validation errors gracefully in data processing" time="0.001">
    </testcase>
    <testcase classname="Integration test for error handling workflows should provide error recovery mechanisms" name="Integration test for error handling workflows should provide error recovery mechanisms" time="0">
    </testcase>
  </testsuite>
</testsuites>